<?xml version="1.0" encoding="UTF-8"?>
<testsuite name="com.epam.rd.java.basic.practice8.Part3StudentTest" tests="4" skipped="0" failures="0" errors="0" timestamp="2021-05-16T18:37:32" hostname="DESKTOP-FI045EJ" time="0.428">
  <properties/>
  <testcase name="testGetTeam" classname="com.epam.rd.java.basic.practice8.Part3StudentTest" time="0.182"/>
  <testcase name="testGetUser" classname="com.epam.rd.java.basic.practice8.Part3StudentTest" time="0.061"/>
  <testcase name="testSetTeamsForTwoUsers" classname="com.epam.rd.java.basic.practice8.Part3StudentTest" time="0.129"/>
  <testcase name="testSetTeamsForOneUser" classname="com.epam.rd.java.basic.practice8.Part3StudentTest" time="0.055"/>
  <system-out><![CDATA[]]></system-out>
  <system-err><![CDATA[]]></system-err>
</testsuite>
