<?xml version="1.0" encoding="UTF-8"?>
<testsuite name="com.epam.rd.java.basic.practice8.Part4StudentTest" tests="1" skipped="0" failures="0" errors="0" timestamp="2021-05-16T18:37:32" hostname="DESKTOP-FI045EJ" time="0.055">
  <properties/>
  <testcase name="testDeleteTeam" classname="com.epam.rd.java.basic.practice8.Part4StudentTest" time="0.055"/>
  <system-out><![CDATA[]]></system-out>
  <system-err><![CDATA[]]></system-err>
</testsuite>
